<?xml version="1.0" encoding="UTF-8"?>
<!-- Generated by org.testng.reporters.JUnitReportReporter -->
<testsuite hostname="DESKTOP-1FNEF2A" failures="0" tests="1" name="TestNG_TEST.childwindowhhandle" time="53.410" errors="0" timestamp="2022-10-03T21:26:23 IST" skipped="0">
  <testcase classname="TestNG_TEST.childwindowhhandle" name="child_windowHandle" time="53.410"/>
  <system-out/>
</testsuite> <!-- TestNG_TEST.childwindowhhandle -->
