<?xml version="1.0" encoding="UTF-8"?>
<!-- Generated by org.testng.reporters.JUnitReportReporter -->
<testsuite hostname="DESKTOP-1FNEF2A" failures="0" tests="4" name="TestNG_TEST.test_2" time="0.039" errors="0" timestamp="2022-09-29T01:32:18 IST" skipped="0">
  <testcase classname="TestNG_TEST.test_2" name="test4" time="0.005"/>
  <system-out/>
  <testcase classname="TestNG_TEST.test_2" name="test1" time="0.016"/>
  <system-out/>
  <testcase classname="TestNG_TEST.test_2" name="test3" time="0.003"/>
  <system-out/>
  <testcase classname="TestNG_TEST.test_2" name="test2" time="0.015"/>
  <system-out/>
</testsuite> <!-- TestNG_TEST.test_2 -->
