<?xml version="1.0" encoding="UTF-8"?>
<!-- Generated by org.testng.reporters.JUnitReportReporter -->
<testsuite hostname="DESKTOP-1FNEF2A" failures="0" tests="1" name="TestNG_TEST.handleAlert" time="40.685" errors="0" timestamp="2022-09-30T17:25:50 IST" skipped="0">
  <testcase classname="TestNG_TEST.handleAlert" name="HandleAlert" time="40.685"/>
  <system-out/>
</testsuite> <!-- TestNG_TEST.handleAlert -->
