<?xml version="1.0" encoding="UTF-8"?>
<!-- Generated by org.testng.reporters.JUnitReportReporter -->
<testsuite hostname="DESKTOP-1FNEF2A" failures="0" tests="6" name="TestNG_TEST.keyword" time="0.065" errors="0" timestamp="2022-09-30T12:40:20 IST" skipped="1">
  <testcase classname="TestNG_TEST.keyword" name="testc" time="0.029"/>
  <system-out/>
  <testcase classname="TestNG_TEST.keyword" name="testd" time="0.021"/>
  <system-out/>
  <testcase classname="TestNG_TEST.keyword" name="testa" time="0.006"/>
  <system-out/>
  <testcase classname="TestNG_TEST.keyword" name="testa" time="0.005"/>
  <system-out/>
  <testcase classname="TestNG_TEST.keyword" name="testa" time="0.004"/>
  <system-out/>
  <testcase classname="TestNG_TEST.keyword" name="testb">
    <skipped/>
  </testcase> <!-- testb -->
  <system-out/>
</testsuite> <!-- TestNG_TEST.keyword -->
