<?xml version="1.0" encoding="UTF-8"?>
<!-- Generated by org.testng.reporters.JUnitReportReporter -->
<testsuite hostname="DESKTOP-1FNEF2A" failures="0" tests="1" name="TestNG_TEST.chind_W_H_by_itterator" time="42.420" errors="0" timestamp="2022-10-03T22:53:08 IST" skipped="0">
  <testcase classname="TestNG_TEST.chind_W_H_by_itterator" name="verify_childWindow" time="42.420"/>
  <system-out/>
</testsuite> <!-- TestNG_TEST.chind_W_H_by_itterator -->
