<?xml version="1.0" encoding="UTF-8"?>
<!-- Generated by org.testng.reporters.JUnitReportReporter -->
<testsuite hostname="DESKTOP-1FNEF2A" failures="0" tests="3" name="TestNG_TEST.TEST_1" time="0.027" errors="0" timestamp="2022-09-29T01:25:19 IST" skipped="0">
  <testcase classname="TestNG_TEST.TEST_1" name="test001" time="0.016"/>
  <system-out/>
  <testcase classname="TestNG_TEST.TEST_1" name="test002" time="0.007"/>
  <system-out/>
  <testcase classname="TestNG_TEST.TEST_1" name="test003" time="0.004"/>
  <system-out/>
</testsuite> <!-- TestNG_TEST.TEST_1 -->
