<?xml version="1.0" encoding="UTF-8"?>
<!-- Generated by org.testng.reporters.JUnitReportReporter -->
<testsuite hostname="DESKTOP-1FNEF2A" failures="0" tests="2" name="TestNG_TEST.test_4" time="0.021" errors="0" timestamp="2022-09-30T13:56:39 IST" skipped="0">
  <testcase classname="TestNG_TEST.test_4" name="m4" time="0.002"/>
  <system-out/>
  <testcase classname="TestNG_TEST.test_4" name="m2" time="0.019"/>
  <system-out/>
</testsuite> <!-- TestNG_TEST.test_4 -->
