<?xml version="1.0" encoding="UTF-8"?>
<!-- Generated by org.testng.reporters.JUnitReportReporter -->
<testsuite hostname="DESKTOP-1FNEF2A" failures="0" tests="1" name="TestNG_TEST.test5" time="0.021" errors="0" timestamp="2022-09-30T13:36:08 IST" skipped="0">
  <testcase classname="TestNG_TEST.test5" name="a1" time="0.021"/>
  <system-out/>
</testsuite> <!-- TestNG_TEST.test5 -->
